Analysis & Synthesis report for DE2_115_i2sound
Thu Dec 15 16:18:00 2016
Quartus II 64-Bit Version 14.0.0 Build 200 06/17/2014 SJ Web Edition


---------------------
; Table of Contents ;
---------------------
  1. Legal Notice
  2. Analysis & Synthesis Summary
  3. Analysis & Synthesis Settings
  4. Parallel Compilation
  5. Analysis & Synthesis Source Files Read
  6. Analysis & Synthesis Resource Usage Summary
  7. Analysis & Synthesis Resource Utilization by Entity
  8. Registers Removed During Synthesis
  9. Removed Registers Triggering Further Register Optimizations
 10. General Register Statistics
 11. Inverted Register Statistics
 12. Multiplexer Restructuring Statistics (Restructuring Performed)
 13. Post-Synthesis Netlist Statistics for Top Partition
 14. Elapsed Time Per Partition
 15. Analysis & Synthesis Messages
 16. Analysis & Synthesis Suppressed Messages



----------------
; Legal Notice ;
----------------
Copyright (C) 1991-2014 Altera Corporation. All rights reserved.
Your use of Altera Corporation's design tools, logic functions 
and other software and tools, and its AMPP partner logic 
functions, and any output files from any of the foregoing 
(including device programming or simulation files), and any 
associated documentation or information are expressly subject 
to the terms and conditions of the Altera Program License 
Subscription Agreement, the Altera Quartus II License Agreement,
the Altera MegaCore Function License Agreement, or other 
applicable license agreement, including, without limitation, 
that your use is for the sole purpose of programming logic 
devices manufactured by Altera and sold by Altera or its 
authorized distributors.  Please refer to the applicable 
agreement for further details.



+---------------------------------------------------------------------------------+
; Analysis & Synthesis Summary                                                    ;
+------------------------------------+--------------------------------------------+
; Analysis & Synthesis Status        ; Successful - Thu Dec 15 16:18:00 2016      ;
; Quartus II 64-Bit Version          ; 14.0.0 Build 200 06/17/2014 SJ Web Edition ;
; Revision Name                      ; DE2_115_i2sound                            ;
; Top-level Entity Name              ; DE2_115_i2sound                            ;
; Family                             ; Cyclone IV E                               ;
; Total logic elements               ; 130                                        ;
;     Total combinational functions  ; 113                                        ;
;     Dedicated logic registers      ; 89                                         ;
; Total registers                    ; 89                                         ;
; Total pins                         ; 41                                         ;
; Total virtual pins                 ; 0                                          ;
; Total memory bits                  ; 0                                          ;
; Embedded Multiplier 9-bit elements ; 0                                          ;
; Total PLLs                         ; 0                                          ;
+------------------------------------+--------------------------------------------+


+----------------------------------------------------------------------------------------------------------------------+
; Analysis & Synthesis Settings                                                                                        ;
+----------------------------------------------------------------------------+--------------------+--------------------+
; Option                                                                     ; Setting            ; Default Value      ;
+----------------------------------------------------------------------------+--------------------+--------------------+
; Device                                                                     ; EP4CE115F29C7      ;                    ;
; Top-level entity name                                                      ; DE2_115_i2sound    ; DE2_115_i2sound    ;
; Family name                                                                ; Cyclone IV E       ; Stratix II         ;
; Use smart compilation                                                      ; Off                ; Off                ;
; Enable parallel Assembler and TimeQuest Timing Analyzer during compilation ; On                 ; On                 ;
; Enable compact report table                                                ; Off                ; Off                ;
; Restructure Multiplexers                                                   ; Auto               ; Auto               ;
; Create Debugging Nodes for IP Cores                                        ; Off                ; Off                ;
; Preserve fewer node names                                                  ; On                 ; On                 ;
; Disable OpenCore Plus hardware evaluation                                  ; Off                ; Off                ;
; Verilog Version                                                            ; Verilog_2001       ; Verilog_2001       ;
; VHDL Version                                                               ; VHDL_1993          ; VHDL_1993          ;
; State Machine Processing                                                   ; Auto               ; Auto               ;
; Safe State Machine                                                         ; Off                ; Off                ;
; Extract Verilog State Machines                                             ; On                 ; On                 ;
; Extract VHDL State Machines                                                ; On                 ; On                 ;
; Ignore Verilog initial constructs                                          ; Off                ; Off                ;
; Iteration limit for constant Verilog loops                                 ; 5000               ; 5000               ;
; Iteration limit for non-constant Verilog loops                             ; 250                ; 250                ;
; Add Pass-Through Logic to Inferred RAMs                                    ; On                 ; On                 ;
; Infer RAMs from Raw Logic                                                  ; On                 ; On                 ;
; Parallel Synthesis                                                         ; On                 ; On                 ;
; DSP Block Balancing                                                        ; Auto               ; Auto               ;
; NOT Gate Push-Back                                                         ; On                 ; On                 ;
; Power-Up Don't Care                                                        ; On                 ; On                 ;
; Remove Redundant Logic Cells                                               ; Off                ; Off                ;
; Remove Duplicate Registers                                                 ; On                 ; On                 ;
; Ignore CARRY Buffers                                                       ; Off                ; Off                ;
; Ignore CASCADE Buffers                                                     ; Off                ; Off                ;
; Ignore GLOBAL Buffers                                                      ; Off                ; Off                ;
; Ignore ROW GLOBAL Buffers                                                  ; Off                ; Off                ;
; Ignore LCELL Buffers                                                       ; Off                ; Off                ;
; Ignore SOFT Buffers                                                        ; On                 ; On                 ;
; Limit AHDL Integers to 32 Bits                                             ; Off                ; Off                ;
; Optimization Technique                                                     ; Balanced           ; Balanced           ;
; Carry Chain Length                                                         ; 70                 ; 70                 ;
; Auto Carry Chains                                                          ; On                 ; On                 ;
; Auto Open-Drain Pins                                                       ; On                 ; On                 ;
; Perform WYSIWYG Primitive Resynthesis                                      ; Off                ; Off                ;
; Auto ROM Replacement                                                       ; On                 ; On                 ;
; Auto RAM Replacement                                                       ; On                 ; On                 ;
; Auto DSP Block Replacement                                                 ; On                 ; On                 ;
; Auto Shift Register Replacement                                            ; Auto               ; Auto               ;
; Allow Shift Register Merging across Hierarchies                            ; Auto               ; Auto               ;
; Auto Clock Enable Replacement                                              ; On                 ; On                 ;
; Strict RAM Replacement                                                     ; Off                ; Off                ;
; Allow Synchronous Control Signals                                          ; On                 ; On                 ;
; Force Use of Synchronous Clear Signals                                     ; Off                ; Off                ;
; Auto RAM Block Balancing                                                   ; On                 ; On                 ;
; Auto RAM to Logic Cell Conversion                                          ; Off                ; Off                ;
; Auto Resource Sharing                                                      ; Off                ; Off                ;
; Allow Any RAM Size For Recognition                                         ; Off                ; Off                ;
; Allow Any ROM Size For Recognition                                         ; Off                ; Off                ;
; Allow Any Shift Register Size For Recognition                              ; Off                ; Off                ;
; Use LogicLock Constraints during Resource Balancing                        ; On                 ; On                 ;
; Ignore translate_off and synthesis_off directives                          ; Off                ; Off                ;
; Timing-Driven Synthesis                                                    ; On                 ; On                 ;
; Report Parameter Settings                                                  ; On                 ; On                 ;
; Report Source Assignments                                                  ; On                 ; On                 ;
; Report Connectivity Checks                                                 ; On                 ; On                 ;
; Ignore Maximum Fan-Out Assignments                                         ; Off                ; Off                ;
; Synchronization Register Chain Length                                      ; 2                  ; 2                  ;
; PowerPlay Power Optimization                                               ; Normal compilation ; Normal compilation ;
; HDL message level                                                          ; Level2             ; Level2             ;
; Suppress Register Optimization Related Messages                            ; Off                ; Off                ;
; Number of Removed Registers Reported in Synthesis Report                   ; 5000               ; 5000               ;
; Number of Swept Nodes Reported in Synthesis Report                         ; 5000               ; 5000               ;
; Number of Inverted Registers Reported in Synthesis Report                  ; 100                ; 100                ;
; Clock MUX Protection                                                       ; On                 ; On                 ;
; Auto Gated Clock Conversion                                                ; Off                ; Off                ;
; Block Design Naming                                                        ; Auto               ; Auto               ;
; SDC constraint protection                                                  ; Off                ; Off                ;
; Synthesis Effort                                                           ; Auto               ; Auto               ;
; Shift Register Replacement - Allow Asynchronous Clear Signal               ; On                 ; On                 ;
; Pre-Mapping Resynthesis Optimization                                       ; Off                ; Off                ;
; Analysis & Synthesis Message Level                                         ; Medium             ; Medium             ;
; Disable Register Merging Across Hierarchies                                ; Auto               ; Auto               ;
; Resource Aware Inference For Block RAM                                     ; On                 ; On                 ;
; Synthesis Seed                                                             ; 1                  ; 1                  ;
+----------------------------------------------------------------------------+--------------------+--------------------+


+------------------------------------------+
; Parallel Compilation                     ;
+----------------------------+-------------+
; Processors                 ; Number      ;
+----------------------------+-------------+
; Number detected on machine ; 8           ;
; Maximum allowed            ; 4           ;
;                            ;             ;
; Average used               ; 1.00        ;
; Maximum used               ; 1           ;
;                            ;             ;
; Usage by Processor         ; % Time Used ;
;     Processor 1            ; 100.0%      ;
;     Processors 2-8         ;   0.0%      ;
+----------------------------+-------------+


+-----------------------------------------------------------------------------------------------------------------------------------------------------------------------------+
; Analysis & Synthesis Source Files Read                                                                                                                                      ;
+----------------------------------+-----------------+------------------------------------+-------------------------------------------------------------------------+---------+
; File Name with User-Entered Path ; Used in Netlist ; File Type                          ; File Name with Absolute Path                                            ; Library ;
+----------------------------------+-----------------+------------------------------------+-------------------------------------------------------------------------+---------+
; clock_500.v                      ; yes             ; User Verilog HDL File              ; M:/DE2115-CD/DE2_115_demonstrations/DE2_115_i2sound/clock_500.v         ;         ;
; i2c.v                            ; yes             ; User Verilog HDL File              ; M:/DE2115-CD/DE2_115_demonstrations/DE2_115_i2sound/i2c.v               ;         ;
; keytr.v                          ; yes             ; User Verilog HDL File              ; M:/DE2115-CD/DE2_115_demonstrations/DE2_115_i2sound/keytr.v             ;         ;
; DE2_115_i2sound.bdf              ; yes             ; User Block Diagram/Schematic File  ; M:/DE2115-CD/DE2_115_demonstrations/DE2_115_i2sound/DE2_115_i2sound.bdf ;         ;
; keytr2.v                         ; yes             ; User Verilog HDL File              ; M:/DE2115-CD/DE2_115_demonstrations/DE2_115_i2sound/keytr2.v            ;         ;
; TEST.v                           ; yes             ; User Verilog HDL File              ; M:/DE2115-CD/DE2_115_demonstrations/DE2_115_i2sound/TEST.v              ;         ;
; 21mux.bdf                        ; yes             ; Megafunction                       ; c:/altera/14.0/quartus/libraries/others/maxplus2/21mux.bdf              ;         ;
+----------------------------------+-----------------+------------------------------------+-------------------------------------------------------------------------+---------+


+-----------------------------------------------------------------------------+
; Analysis & Synthesis Resource Usage Summary                                 ;
+---------------------------------------------+-------------------------------+
; Resource                                    ; Usage                         ;
+---------------------------------------------+-------------------------------+
; Estimated Total logic elements              ; 130                           ;
;                                             ;                               ;
; Total combinational functions               ; 113                           ;
; Logic element usage by number of LUT inputs ;                               ;
;     -- 4 input functions                    ; 41                            ;
;     -- 3 input functions                    ; 17                            ;
;     -- <=2 input functions                  ; 55                            ;
;                                             ;                               ;
; Logic elements by mode                      ;                               ;
;     -- normal mode                          ; 69                            ;
;     -- arithmetic mode                      ; 44                            ;
;                                             ;                               ;
; Total registers                             ; 89                            ;
;     -- Dedicated logic registers            ; 89                            ;
;     -- I/O registers                        ; 0                             ;
;                                             ;                               ;
; I/O pins                                    ; 41                            ;
; Embedded Multiplier 9-bit elements          ; 0                             ;
; Maximum fan-out node                        ; CLOCK_500:inst|COUNTER_500[9] ;
; Maximum fan-out                             ; 57                            ;
; Total fan-out                               ; 615                           ;
; Average fan-out                             ; 2.16                          ;
+---------------------------------------------+-------------------------------+


+-----------------------------------------------------------------------------------------------------------------------------------------------------------------------------------------+
; Analysis & Synthesis Resource Utilization by Entity                                                                                                                                     ;
+----------------------------+-------------------+--------------+-------------+--------------+---------+-----------+------+--------------+---------------------------------+--------------+
; Compilation Hierarchy Node ; LC Combinationals ; LC Registers ; Memory Bits ; DSP Elements ; DSP 9x9 ; DSP 18x18 ; Pins ; Virtual Pins ; Full Hierarchy Name             ; Library Name ;
+----------------------------+-------------------+--------------+-------------+--------------+---------+-----------+------+--------------+---------------------------------+--------------+
; |DE2_115_i2sound           ; 113 (0)           ; 89 (0)       ; 0           ; 0            ; 0       ; 0         ; 41   ; 0            ; |DE2_115_i2sound                ; work         ;
;    |21mux:inst6|           ; 1 (1)             ; 0 (0)        ; 0           ; 0            ; 0       ; 0         ; 0    ; 0            ; |DE2_115_i2sound|21mux:inst6    ; work         ;
;    |CLOCK_500:inst|        ; 37 (37)           ; 34 (34)      ; 0           ; 0            ; 0       ; 0         ; 0    ; 0            ; |DE2_115_i2sound|CLOCK_500:inst ; work         ;
;    |i2c:inst1|             ; 35 (35)           ; 21 (21)      ; 0           ; 0            ; 0       ; 0         ; 0    ; 0            ; |DE2_115_i2sound|i2c:inst1      ; work         ;
;    |keytr2:inst5|          ; 15 (15)           ; 11 (11)      ; 0           ; 0            ; 0       ; 0         ; 0    ; 0            ; |DE2_115_i2sound|keytr2:inst5   ; work         ;
;    |keytr:inst2|           ; 25 (25)           ; 23 (23)      ; 0           ; 0            ; 0       ; 0         ; 0    ; 0            ; |DE2_115_i2sound|keytr:inst2    ; work         ;
+----------------------------+-------------------+--------------+-------------+--------------+---------+-----------+------+--------------+---------------------------------+--------------+
Note: For table entries with two numbers listed, the numbers in parentheses indicate the number of resources of the given type used by the specific entity alone. The numbers listed outside of parentheses indicate the total resources of the given type used by the specific entity and all of its sub-entities in the hierarchy.


+---------------------------------------------------------------------------------+
; Registers Removed During Synthesis                                              ;
+----------------------------------------+----------------------------------------+
; Register name                          ; Reason for Removal                     ;
+----------------------------------------+----------------------------------------+
; CLOCK_500:inst|DATA_A[8,13..15]        ; Stuck at GND due to stuck port data_in ;
; i2c:inst1|SD[22,23]                    ; Stuck at GND due to stuck port data_in ;
; i2c:inst1|SD[20,21]                    ; Stuck at VCC due to stuck port data_in ;
; i2c:inst1|SD[19]                       ; Stuck at GND due to stuck port data_in ;
; i2c:inst1|SD[18]                       ; Stuck at VCC due to stuck port data_in ;
; i2c:inst1|SD[8,13..17]                 ; Stuck at GND due to stuck port data_in ;
; Total Number of Removed Registers = 16 ;                                        ;
+----------------------------------------+----------------------------------------+


+------------------------------------------------------------------------------------------------+
; Removed Registers Triggering Further Register Optimizations                                    ;
+---------------------------+---------------------------+----------------------------------------+
; Register name             ; Reason for Removal        ; Registers Removed due to This Register ;
+---------------------------+---------------------------+----------------------------------------+
; CLOCK_500:inst|DATA_A[15] ; Stuck at GND              ; i2c:inst1|SD[15]                       ;
;                           ; due to stuck port data_in ;                                        ;
; CLOCK_500:inst|DATA_A[14] ; Stuck at GND              ; i2c:inst1|SD[14]                       ;
;                           ; due to stuck port data_in ;                                        ;
; CLOCK_500:inst|DATA_A[13] ; Stuck at GND              ; i2c:inst1|SD[13]                       ;
;                           ; due to stuck port data_in ;                                        ;
; CLOCK_500:inst|DATA_A[8]  ; Stuck at GND              ; i2c:inst1|SD[8]                        ;
;                           ; due to stuck port data_in ;                                        ;
+---------------------------+---------------------------+----------------------------------------+


+------------------------------------------------------+
; General Register Statistics                          ;
+----------------------------------------------+-------+
; Statistic                                    ; Value ;
+----------------------------------------------+-------+
; Total registers                              ; 89    ;
; Number of registers using Synchronous Clear  ; 23    ;
; Number of registers using Synchronous Load   ; 0     ;
; Number of registers using Asynchronous Clear ; 17    ;
; Number of registers using Asynchronous Load  ; 0     ;
; Number of registers using Clock Enable       ; 36    ;
; Number of registers using Preset             ; 0     ;
+----------------------------------------------+-------+


+--------------------------------------------------+
; Inverted Register Statistics                     ;
+----------------------------------------+---------+
; Inverted Register                      ; Fan out ;
+----------------------------------------+---------+
; keytr:inst2|flag                       ; 6       ;
; Total number of inverted registers = 1 ;         ;
+----------------------------------------+---------+


+---------------------------------------------------------------------------------------------------------------------------------------------------------+
; Multiplexer Restructuring Statistics (Restructuring Performed)                                                                                          ;
+--------------------+-----------+---------------+----------------------+------------------------+------------+-------------------------------------------+
; Multiplexer Inputs ; Bus Width ; Baseline Area ; Area if Restructured ; Saving if Restructured ; Registered ; Example Multiplexer Output                ;
+--------------------+-----------+---------------+----------------------+------------------------+------------+-------------------------------------------+
; 3:1                ; 6 bits    ; 12 LEs        ; 6 LEs                ; 6 LEs                  ; Yes        ; |DE2_115_i2sound|i2c:inst1|SD_COUNTER[5]  ;
; 8:1                ; 3 bits    ; 15 LEs        ; 12 LEs               ; 3 LEs                  ; Yes        ; |DE2_115_i2sound|CLOCK_500:inst|DATA_A[4] ;
+--------------------+-----------+---------------+----------------------+------------------------+------------+-------------------------------------------+


+-----------------------------------------------------+
; Post-Synthesis Netlist Statistics for Top Partition ;
+-----------------------+-----------------------------+
; Type                  ; Count                       ;
+-----------------------+-----------------------------+
; boundary_port         ; 41                          ;
; cycloneiii_ff         ; 89                          ;
;     CLR               ; 3                           ;
;     ENA               ; 16                          ;
;     ENA CLR           ; 14                          ;
;     ENA SCLR          ; 6                           ;
;     SCLR              ; 17                          ;
;     plain             ; 33                          ;
; cycloneiii_io_obuf    ; 1                           ;
; cycloneiii_lcell_comb ; 114                         ;
;     arith             ; 44                          ;
;         2 data inputs ; 40                          ;
;         3 data inputs ; 4                           ;
;     normal            ; 70                          ;
;         0 data inputs ; 1                           ;
;         1 data inputs ; 10                          ;
;         2 data inputs ; 5                           ;
;         3 data inputs ; 13                          ;
;         4 data inputs ; 41                          ;
;                       ;                             ;
; Max LUT depth         ; 5.00                        ;
; Average LUT depth     ; 2.26                        ;
+-----------------------+-----------------------------+


+-------------------------------+
; Elapsed Time Per Partition    ;
+----------------+--------------+
; Partition Name ; Elapsed Time ;
+----------------+--------------+
; Top            ; 00:00:01     ;
+----------------+--------------+


+-------------------------------+
; Analysis & Synthesis Messages ;
+-------------------------------+
Info: *******************************************************************
Info: Running Quartus II 64-Bit Analysis & Synthesis
    Info: Version 14.0.0 Build 200 06/17/2014 SJ Web Edition
    Info: Processing started: Thu Dec 15 16:17:54 2016
Info: Command: quartus_map --read_settings_files=on --write_settings_files=off DE2_115_i2sound -c DE2_115_i2sound
Info (11104): Parallel Compilation has detected 8 hyper-threaded processors. However, the extra hyper-threaded processors will not be used by default. Parallel Compilation will use 4 of the 4 physical processors detected instead.
Info (12021): Found 1 design units, including 1 entities, in source file clock_500.v
    Info (12023): Found entity 1: CLOCK_500
Info (12021): Found 1 design units, including 1 entities, in source file i2c.v
    Info (12023): Found entity 1: i2c
Info (12021): Found 1 design units, including 1 entities, in source file keytr.v
    Info (12023): Found entity 1: keytr
Info (12021): Found 1 design units, including 1 entities, in source file de2_115_i2sound.bdf
    Info (12023): Found entity 1: DE2_115_i2sound
Info (12021): Found 1 design units, including 1 entities, in source file keytr2.v
    Info (12023): Found entity 1: keytr2
Info (12021): Found 1 design units, including 1 entities, in source file test.v
    Info (12023): Found entity 1: TEST
Warning (10236): Verilog HDL Implicit Net warning at keytr.v(33): created implicit net for "falling_edge"
Warning (10236): Verilog HDL Implicit Net warning at keytr2.v(61): created implicit net for "falling_edge"
Info (12127): Elaborating entity "DE2_115_i2sound" for the top level hierarchy
Warning (275009): Pin "AUD_DACLRCK" not connected
Warning (275009): Pin "AUD_ADCLRCK" not connected
Info (12128): Elaborating entity "21mux" for hierarchy "21mux:inst6"
Info (12130): Elaborated megafunction instantiation "21mux:inst6"
Info (12128): Elaborating entity "keytr2" for hierarchy "keytr2:inst5"
Warning (10036): Verilog HDL or VHDL warning at keytr2.v(53): object "D2" assigned a value but never read
Warning (10230): Verilog HDL assignment warning at keytr2.v(25): truncated value with size 32 to match size of target (1)
Warning (10230): Verilog HDL assignment warning at keytr2.v(37): truncated value with size 32 to match size of target (10)
Warning (10230): Verilog HDL assignment warning at keytr2.v(76): truncated value with size 32 to match size of target (16)
Info (12128): Elaborating entity "CLOCK_500" for hierarchy "CLOCK_500:inst"
Warning (10230): Verilog HDL assignment warning at clock_500.v(31): truncated value with size 32 to match size of target (1)
Warning (10230): Verilog HDL assignment warning at clock_500.v(44): truncated value with size 32 to match size of target (6)
Warning (10230): Verilog HDL assignment warning at clock_500.v(52): truncated value with size 32 to match size of target (5)
Warning (10230): Verilog HDL assignment warning at clock_500.v(54): truncated value with size 32 to match size of target (7)
Warning (10230): Verilog HDL assignment warning at clock_500.v(74): truncated value with size 32 to match size of target (11)
Info (12128): Elaborating entity "i2c" for hierarchy "i2c:inst1"
Warning (10230): Verilog HDL assignment warning at i2c.v(43): truncated value with size 32 to match size of target (1)
Warning (10230): Verilog HDL assignment warning at i2c.v(42): truncated value with size 32 to match size of target (1)
Warning (10230): Verilog HDL assignment warning at i2c.v(62): truncated value with size 32 to match size of target (6)
Info (12128): Elaborating entity "keytr" for hierarchy "keytr:inst2"
Warning (10230): Verilog HDL assignment warning at keytr.v(48): truncated value with size 32 to match size of target (16)
Warning (10034): Output port "counter" at keytr.v(18) has no driver
Warning (10034): Output port "ON" at keytr.v(16) has no driver
Info (12128): Elaborating entity "TEST" for hierarchy "TEST:inst7"
Warning (10034): Output port "DAC" at TEST.v(11) has no driver
Warning (12158): Entity "TEST" contains only dangling pins
Warning (19016): Clock multiplexers are found and protected
    Warning (19017): Found clock multiplexer 21mux:inst6|5~0
Info (13000): Registers with preset signals will power-up high
Info (13003): DEV_CLRn pin will set, and not reset, register with preset signal due to NOT Gate Push-Back
Warning (13024): Output pins are stuck at VCC or GND
    Warning (13410): Pin "AUD_DACDAT" is stuck at GND
    Warning (13410): Pin "LEDG[8]" is stuck at GND
    Warning (13410): Pin "LEDG[7]" is stuck at GND
    Warning (13410): Pin "LEDG[6]" is stuck at GND
    Warning (13410): Pin "LEDG[5]" is stuck at GND
    Warning (13410): Pin "LEDG[4]" is stuck at GND
    Warning (13410): Pin "LEDG[3]" is stuck at GND
    Warning (13410): Pin "LEDG[2]" is stuck at GND
    Warning (13410): Pin "LEDG[1]" is stuck at GND
    Warning (13410): Pin "LEDG[0]" is stuck at GND
    Warning (13410): Pin "LEDR[17]" is stuck at GND
    Warning (13410): Pin "LEDR[16]" is stuck at GND
    Warning (13410): Pin "LEDR[15]" is stuck at GND
    Warning (13410): Pin "LEDR[14]" is stuck at GND
    Warning (13410): Pin "LEDR[13]" is stuck at GND
    Warning (13410): Pin "LEDR[12]" is stuck at GND
    Warning (13410): Pin "LEDR[11]" is stuck at GND
    Warning (13410): Pin "LEDR[10]" is stuck at GND
    Warning (13410): Pin "LEDR[9]" is stuck at GND
    Warning (13410): Pin "LEDR[8]" is stuck at GND
    Warning (13410): Pin "LEDR[7]" is stuck at GND
    Warning (13410): Pin "LEDR[6]" is stuck at GND
    Warning (13410): Pin "LEDR[5]" is stuck at GND
    Warning (13410): Pin "LEDR[4]" is stuck at GND
    Warning (13410): Pin "LEDR[3]" is stuck at GND
    Warning (13410): Pin "LEDR[2]" is stuck at GND
    Warning (13410): Pin "LEDR[1]" is stuck at GND
    Warning (13410): Pin "LEDR[0]" is stuck at GND
Info (286030): Timing-Driven Synthesis is running
Info (144001): Generated suppressed messages file M:/DE2115-CD/DE2_115_demonstrations/DE2_115_i2sound/DE2_115_i2sound.map.smsg
Info (16010): Generating hard_block partition "hard_block:auto_generated_inst"
    Info (16011): Adding 0 node(s), including 0 DDIO, 0 PLL, 0 transceiver and 0 LCELL
Warning (21074): Design contains 4 input pin(s) that do not drive logic
    Warning (15610): No output dependent on input pin "AUD_BCLK"
    Warning (15610): No output dependent on input pin "AUD_ADCDAT"
    Warning (15610): No output dependent on input pin "AUD_DACLRCK"
    Warning (15610): No output dependent on input pin "AUD_ADCLRCK"
Info (21057): Implemented 171 device resources after synthesis - the final resource count might be different
    Info (21058): Implemented 9 input pins
    Info (21059): Implemented 31 output pins
    Info (21060): Implemented 1 bidirectional pins
    Info (21061): Implemented 130 logic cells
Info: Quartus II 64-Bit Analysis & Synthesis was successful. 0 errors, 57 warnings
    Info: Peak virtual memory: 572 megabytes
    Info: Processing ended: Thu Dec 15 16:18:00 2016
    Info: Elapsed time: 00:00:06
    Info: Total CPU time (on all processors): 00:00:02


+------------------------------------------+
; Analysis & Synthesis Suppressed Messages ;
+------------------------------------------+
The suppressed messages can be found in M:/DE2115-CD/DE2_115_demonstrations/DE2_115_i2sound/DE2_115_i2sound.map.smsg.


